0 info it worked if it ends with ok
1 verbose cli [ '/usr/local/Cellar/node/7.7.2/bin/node',
1 verbose cli   '/usr/local/bin/npm',
1 verbose cli   'install',
1 verbose cli   '[--save/--save-dev]',
1 verbose cli   'clean-node-modules' ]
2 info using npm@4.1.2
3 info using node@v7.7.2
4 silly loadCurrentTree Starting
5 silly install loadCurrentTree
6 silly install readLocalPackageData
7 silly fetchPackageMetaData [--save/--save-dev]
8 silly fetchPackageMetaData clean-node-modules
9 silly fetchOtherPackageData [--save/--save-dev]
10 silly cache add args [ '[--save/--save-dev]', null ]
11 verbose cache add spec [--save/--save-dev]
12 silly fetchNamedPackageData clean-node-modules
13 silly mapToRegistry name clean-node-modules
14 silly mapToRegistry using default registry
15 silly mapToRegistry registry https://registry.npmjs.org/
16 silly mapToRegistry data Result {
16 silly mapToRegistry   raw: 'clean-node-modules',
16 silly mapToRegistry   scope: null,
16 silly mapToRegistry   escapedName: 'clean-node-modules',
16 silly mapToRegistry   name: 'clean-node-modules',
16 silly mapToRegistry   rawSpec: '',
16 silly mapToRegistry   spec: 'latest',
16 silly mapToRegistry   type: 'tag' }
17 silly mapToRegistry uri https://registry.npmjs.org/clean-node-modules
18 silly cache add parsed spec Result {
18 silly cache add   raw: '[--save/--save-dev]',
18 silly cache add   scope: null,
18 silly cache add   escapedName: null,
18 silly cache add   name: null,
18 silly cache add   rawSpec: '[--save/--save-dev]',
18 silly cache add   spec: 'github:/%5B--save%2F--save-dev%5D',
18 silly cache add   type: 'hosted',
18 silly cache add   hosted:
18 silly cache add    { type: 'github',
18 silly cache add      ssh: 'git@github.com:/%5B--save%2F--save-dev%5D.git',
18 silly cache add      sshUrl: 'git+ssh://git@github.com//%5B--save%2F--save-dev%5D.git',
18 silly cache add      httpsUrl: 'git+https://github.com//%5B--save%2F--save-dev%5D.git',
18 silly cache add      gitUrl: 'git://github.com//%5B--save%2F--save-dev%5D.git',
18 silly cache add      shortcut: 'github:/%5B--save%2F--save-dev%5D',
18 silly cache add      directUrl: 'https://raw.githubusercontent.com//%5B--save%2F--save-dev%5D/master/package.json' } }
19 verbose addRemoteGit caching [--save/--save-dev]
20 verbose addRemoteGit /%5B--save%2F--save-dev%5D is a repository hosted by github
21 silly tryGitProto attempting to clone git://github.com//%5B--save%2F--save-dev%5D.git
22 silly tryClone cloning /%5B--save%2F--save-dev%5D via git://github.com//%5B--save%2F--save-dev%5D.git
23 verbose tryClone git-github-com-5B-save-2F-save-dev-5D-git-063c8453 not in flight; caching
24 verbose correctMkdir /Users/alenachornaya/.npm/_git-remotes correctMkdir not in flight; initializing
25 verbose request uri https://registry.npmjs.org/clean-node-modules
26 verbose request no auth needed
27 info attempt registry request try #1 at 5:52:24 PM
28 verbose request id b1fd8d3d6d26bfeb
29 http request GET https://registry.npmjs.org/clean-node-modules
30 verbose makeDirectory /Users/alenachornaya/.npm/_git-remotes creation not in flight; initializing
31 silly makeDirectory /Users/alenachornaya/.npm/_git-remotes uid: 501 gid: 20
32 info git [ 'clone',
32 info git   '--template=/Users/alenachornaya/.npm/_git-remotes/_templates',
32 info git   '--mirror',
32 info git   'git://github.com//%5B--save%2F--save-dev%5D.git',
32 info git   '/Users/alenachornaya/.npm/_git-remotes/git-github-com-5B-save-2F-save-dev-5D-git-063c8453' ]
33 http 200 https://registry.npmjs.org/clean-node-modules
34 verbose headers { server: 'nginx/1.10.1',
34 verbose headers   'content-type': 'application/json',
34 verbose headers   'last-modified': 'Fri, 08 Apr 2016 11:13:37 GMT',
34 verbose headers   etag: 'W/"57079261-37b5"',
34 verbose headers   'content-encoding': 'gzip',
34 verbose headers   'cache-control': 'max-age=300',
34 verbose headers   'content-length': '2303',
34 verbose headers   'accept-ranges': 'bytes',
34 verbose headers   date: 'Thu, 06 Apr 2017 14:52:25 GMT',
34 verbose headers   via: '1.1 varnish',
34 verbose headers   age: '6',
34 verbose headers   connection: 'keep-alive',
34 verbose headers   'x-served-by': 'cache-hhn1537-HHN',
34 verbose headers   'x-cache': 'HIT',
34 verbose headers   'x-cache-hits': '1',
34 verbose headers   'x-timer': 'S1491490345.198301,VS0,VE0',
34 verbose headers   vary: 'Accept-Encoding' }
35 silly get cb [ 200,
35 silly get   { server: 'nginx/1.10.1',
35 silly get     'content-type': 'application/json',
35 silly get     'last-modified': 'Fri, 08 Apr 2016 11:13:37 GMT',
35 silly get     etag: 'W/"57079261-37b5"',
35 silly get     'content-encoding': 'gzip',
35 silly get     'cache-control': 'max-age=300',
35 silly get     'content-length': '2303',
35 silly get     'accept-ranges': 'bytes',
35 silly get     date: 'Thu, 06 Apr 2017 14:52:25 GMT',
35 silly get     via: '1.1 varnish',
35 silly get     age: '6',
35 silly get     connection: 'keep-alive',
35 silly get     'x-served-by': 'cache-hhn1537-HHN',
35 silly get     'x-cache': 'HIT',
35 silly get     'x-cache-hits': '1',
35 silly get     'x-timer': 'S1491490345.198301,VS0,VE0',
35 silly get     vary: 'Accept-Encoding' } ]
36 verbose get saving clean-node-modules to /Users/alenachornaya/.npm/registry.npmjs.org/clean-node-modules/.cache.json
37 verbose correctMkdir /Users/alenachornaya/.npm correctMkdir not in flight; initializing
38 verbose git clone --template=/Users/alenachornaya/.npm/_git-remotes/_templates --mirror git://github.com//%5B--save%2F--save-dev%5D.git /Users/alenachornaya/.npm/_git-remotes/git-github-com-5B-save-2F-save-dev-5D-git-063c8453: Cloning into bare repository '/Users/alenachornaya/.npm/_git-remotes/git-github-com-5B-save-2F-save-dev-5D-git-063c8453'...
38 verbose git clone --template=/Users/alenachornaya/.npm/_git-remotes/_templates --mirror git://github.com//%5B--save%2F--save-dev%5D.git /Users/alenachornaya/.npm/_git-remotes/git-github-com-5B-save-2F-save-dev-5D-git-063c8453: fatal: remote error:
38 verbose git clone --template=/Users/alenachornaya/.npm/_git-remotes/_templates --mirror git://github.com//%5B--save%2F--save-dev%5D.git /Users/alenachornaya/.npm/_git-remotes/git-github-com-5B-save-2F-save-dev-5D-git-063c8453:   /[--save/--save-dev] is not a valid repository name
38 verbose git clone --template=/Users/alenachornaya/.npm/_git-remotes/_templates --mirror git://github.com//%5B--save%2F--save-dev%5D.git /Users/alenachornaya/.npm/_git-remotes/git-github-com-5B-save-2F-save-dev-5D-git-063c8453:   Email support@github.com for help
39 silly tryHTTPS attempting to clone git+https://github.com//%5B--save%2F--save-dev%5D.git
40 silly tryClone cloning /%5B--save%2F--save-dev%5D via git+https://github.com//%5B--save%2F--save-dev%5D.git
41 verbose tryClone git-https-github-com-5B-save-2F-save-dev-5D-git-b2154f46 not in flight; caching
42 verbose correctMkdir /Users/alenachornaya/.npm/_git-remotes correctMkdir not in flight; initializing
43 info git [ 'clone',
43 info git   '--template=/Users/alenachornaya/.npm/_git-remotes/_templates',
43 info git   '--mirror',
43 info git   'https://github.com//%5B--save%2F--save-dev%5D.git',
43 info git   '/Users/alenachornaya/.npm/_git-remotes/git-https-github-com-5B-save-2F-save-dev-5D-git-b2154f46' ]
44 verbose git clone --template=/Users/alenachornaya/.npm/_git-remotes/_templates --mirror https://github.com//%5B--save%2F--save-dev%5D.git /Users/alenachornaya/.npm/_git-remotes/git-https-github-com-5B-save-2F-save-dev-5D-git-b2154f46: Cloning into bare repository '/Users/alenachornaya/.npm/_git-remotes/git-https-github-com-5B-save-2F-save-dev-5D-git-b2154f46'...
44 verbose git clone --template=/Users/alenachornaya/.npm/_git-remotes/_templates --mirror https://github.com//%5B--save%2F--save-dev%5D.git /Users/alenachornaya/.npm/_git-remotes/git-https-github-com-5B-save-2F-save-dev-5D-git-b2154f46: fatal: unable to access 'https://github.com//%5B--save%2F--save-dev%5D.git/': The requested URL returned error: 400
45 silly trySSH attempting to clone git@github.com:/%5B--save%2F--save-dev%5D.git
46 silly tryClone cloning /%5B--save%2F--save-dev%5D via git@github.com:/%5B--save%2F--save-dev%5D.git
47 verbose tryClone git-github-com-5B-save-2F-save-dev-5D-git-ef064e35 not in flight; caching
48 verbose correctMkdir /Users/alenachornaya/.npm/_git-remotes correctMkdir not in flight; initializing
49 info git [ 'clone',
49 info git   '--template=/Users/alenachornaya/.npm/_git-remotes/_templates',
49 info git   '--mirror',
49 info git   'git@github.com:/%5B--save%2F--save-dev%5D.git',
49 info git   '/Users/alenachornaya/.npm/_git-remotes/git-github-com-5B-save-2F-save-dev-5D-git-ef064e35' ]
50 error git clone --template=/Users/alenachornaya/.npm/_git-remotes/_templates --mirror git@github.com:/%5B--save%2F--save-dev%5D.git /Users/alenachornaya/.npm/_git-remotes/git-github-com-5B-save-2F-save-dev-5D-git-ef064e35: Cloning into bare repository '/Users/alenachornaya/.npm/_git-remotes/git-github-com-5B-save-2F-save-dev-5D-git-ef064e35'...
50 error git clone --template=/Users/alenachornaya/.npm/_git-remotes/_templates --mirror git@github.com:/%5B--save%2F--save-dev%5D.git /Users/alenachornaya/.npm/_git-remotes/git-github-com-5B-save-2F-save-dev-5D-git-ef064e35: Permission denied (publickey).
50 error git clone --template=/Users/alenachornaya/.npm/_git-remotes/_templates --mirror git@github.com:/%5B--save%2F--save-dev%5D.git /Users/alenachornaya/.npm/_git-remotes/git-github-com-5B-save-2F-save-dev-5D-git-ef064e35: fatal: Could not read from remote repository.
50 error git clone --template=/Users/alenachornaya/.npm/_git-remotes/_templates --mirror git@github.com:/%5B--save%2F--save-dev%5D.git /Users/alenachornaya/.npm/_git-remotes/git-github-com-5B-save-2F-save-dev-5D-git-ef064e35:
50 error git clone --template=/Users/alenachornaya/.npm/_git-remotes/_templates --mirror git@github.com:/%5B--save%2F--save-dev%5D.git /Users/alenachornaya/.npm/_git-remotes/git-github-com-5B-save-2F-save-dev-5D-git-ef064e35: Please make sure you have the correct access rights
50 error git clone --template=/Users/alenachornaya/.npm/_git-remotes/_templates --mirror git@github.com:/%5B--save%2F--save-dev%5D.git /Users/alenachornaya/.npm/_git-remotes/git-github-com-5B-save-2F-save-dev-5D-git-ef064e35: and the repository exists.
51 silly fetchPackageMetaData Error: Command failed: git clone --template=/Users/alenachornaya/.npm/_git-remotes/_templates --mirror git@github.com:/%5B--save%2F--save-dev%5D.git /Users/alenachornaya/.npm/_git-remotes/git-github-com-5B-save-2F-save-dev-5D-git-ef064e35
51 silly fetchPackageMetaData Cloning into bare repository '/Users/alenachornaya/.npm/_git-remotes/git-github-com-5B-save-2F-save-dev-5D-git-ef064e35'...
51 silly fetchPackageMetaData Permission denied (publickey).
51 silly fetchPackageMetaData fatal: Could not read from remote repository.
51 silly fetchPackageMetaData
51 silly fetchPackageMetaData Please make sure you have the correct access rights
51 silly fetchPackageMetaData and the repository exists.
51 silly fetchPackageMetaData
51 silly fetchPackageMetaData     at ChildProcess.exithandler (child_process.js:210:12)
51 silly fetchPackageMetaData     at emitTwo (events.js:106:13)
51 silly fetchPackageMetaData     at ChildProcess.emit (events.js:194:7)
51 silly fetchPackageMetaData     at maybeClose (internal/child_process.js:899:16)
51 silly fetchPackageMetaData     at Socket.<anonymous> (internal/child_process.js:342:11)
51 silly fetchPackageMetaData     at emitOne (events.js:96:13)
51 silly fetchPackageMetaData     at Socket.emit (events.js:191:7)
51 silly fetchPackageMetaData     at Pipe._handle.close [as _onclose] (net.js:513:12)
51 silly fetchPackageMetaData  error for [--save/--save-dev] { Error: Command failed: git clone --template=/Users/alenachornaya/.npm/_git-remotes/_templates --mirror git@github.com:/%5B--save%2F--save-dev%5D.git /Users/alenachornaya/.npm/_git-remotes/git-github-com-5B-save-2F-save-dev-5D-git-ef064e35
51 silly fetchPackageMetaData Cloning into bare repository '/Users/alenachornaya/.npm/_git-remotes/git-github-com-5B-save-2F-save-dev-5D-git-ef064e35'...
51 silly fetchPackageMetaData Permission denied (publickey).
51 silly fetchPackageMetaData fatal: Could not read from remote repository.
51 silly fetchPackageMetaData
51 silly fetchPackageMetaData Please make sure you have the correct access rights
51 silly fetchPackageMetaData and the repository exists.
51 silly fetchPackageMetaData
51 silly fetchPackageMetaData     at ChildProcess.exithandler (child_process.js:210:12)
51 silly fetchPackageMetaData     at emitTwo (events.js:106:13)
51 silly fetchPackageMetaData     at ChildProcess.emit (events.js:194:7)
51 silly fetchPackageMetaData     at maybeClose (internal/child_process.js:899:16)
51 silly fetchPackageMetaData     at Socket.<anonymous> (internal/child_process.js:342:11)
51 silly fetchPackageMetaData     at emitOne (events.js:96:13)
51 silly fetchPackageMetaData     at Socket.emit (events.js:191:7)
51 silly fetchPackageMetaData     at Pipe._handle.close [as _onclose] (net.js:513:12)
51 silly fetchPackageMetaData   killed: false,
51 silly fetchPackageMetaData   code: 128,
51 silly fetchPackageMetaData   signal: null,
51 silly fetchPackageMetaData   cmd: 'git clone --template=/Users/alenachornaya/.npm/_git-remotes/_templates --mirror git@github.com:/%5B--save%2F--save-dev%5D.git /Users/alenachornaya/.npm/_git-remotes/git-github-com-5B-save-2F-save-dev-5D-git-ef064e35' }
52 silly rollbackFailedOptional Starting
53 silly rollbackFailedOptional Finishing
54 silly runTopLevelLifecycles Finishing
55 silly install printInstalled
56 verbose stack Error: Command failed: git clone --template=/Users/alenachornaya/.npm/_git-remotes/_templates --mirror git@github.com:/%5B--save%2F--save-dev%5D.git /Users/alenachornaya/.npm/_git-remotes/git-github-com-5B-save-2F-save-dev-5D-git-ef064e35
56 verbose stack Cloning into bare repository '/Users/alenachornaya/.npm/_git-remotes/git-github-com-5B-save-2F-save-dev-5D-git-ef064e35'...
56 verbose stack Permission denied (publickey).
56 verbose stack fatal: Could not read from remote repository.
56 verbose stack
56 verbose stack Please make sure you have the correct access rights
56 verbose stack and the repository exists.
56 verbose stack
56 verbose stack     at ChildProcess.exithandler (child_process.js:210:12)
56 verbose stack     at emitTwo (events.js:106:13)
56 verbose stack     at ChildProcess.emit (events.js:194:7)
56 verbose stack     at maybeClose (internal/child_process.js:899:16)
56 verbose stack     at Socket.<anonymous> (internal/child_process.js:342:11)
56 verbose stack     at emitOne (events.js:96:13)
56 verbose stack     at Socket.emit (events.js:191:7)
56 verbose stack     at Pipe._handle.close [as _onclose] (net.js:513:12)
57 verbose cwd /Users/alenachornaya/WEB/jekyll-blog
58 error Darwin 15.6.0
59 error argv "/usr/local/Cellar/node/7.7.2/bin/node" "/usr/local/bin/npm" "install" "[--save/--save-dev]" "clean-node-modules"
60 error node v7.7.2
61 error npm  v4.1.2
62 error code 128
63 error Command failed: git clone --template=/Users/alenachornaya/.npm/_git-remotes/_templates --mirror git@github.com:/%5B--save%2F--save-dev%5D.git /Users/alenachornaya/.npm/_git-remotes/git-github-com-5B-save-2F-save-dev-5D-git-ef064e35
63 error Cloning into bare repository '/Users/alenachornaya/.npm/_git-remotes/git-github-com-5B-save-2F-save-dev-5D-git-ef064e35'...
63 error Permission denied (publickey).
63 error fatal: Could not read from remote repository.
63 error
63 error Please make sure you have the correct access rights
63 error and the repository exists.
64 error If you need help, you may report this error at:
64 error     <https://github.com/npm/npm/issues>
65 verbose exit [ 1, true ]
